<?xml version="1.0" encoding="UTF-8"?>
<testsuite xmlns:xsi="http://www.w3.org/2001/XMLSchema-instance" xsi:noNamespaceSchemaLocation="https://maven.apache.org/surefire/maven-surefire-plugin/xsd/surefire-test-report-3.0.xsd" version="3.0" name="com.ashman.ProductService.ProductServiceApplicationTests" time="7.575" tests="1" errors="0" skipped="0" failures="0">
  <properties>
    <property name="java.specification.version" value="23"/>
    <property name="sun.cpu.isalist" value="amd64"/>
    <property name="sun.jnu.encoding" value="Cp1252"/>
    <property name="java.class.path" value="C:\springboot\Ashman\ProductService\target\test-classes;C:\springboot\Ashman\ProductService\target\classes;C:\Users\ashwi\.m2\repository\org\springframework\boot\spring-boot-starter-data-jpa\3.3.8\spring-boot-starter-data-jpa-3.3.8.jar;C:\Users\ashwi\.m2\repository\org\springframework\boot\spring-boot-starter-aop\3.3.8\spring-boot-starter-aop-3.3.8.jar;C:\Users\ashwi\.m2\repository\org\springframework\spring-aop\6.1.16\spring-aop-6.1.16.jar;C:\Users\ashwi\.m2\repository\org\aspectj\aspectjweaver\1.9.22.1\aspectjweaver-1.9.22.1.jar;C:\Users\ashwi\.m2\repository\org\springframework\boot\spring-boot-starter-jdbc\3.3.8\spring-boot-starter-jdbc-3.3.8.jar;C:\Users\ashwi\.m2\repository\com\zaxxer\HikariCP\5.1.0\HikariCP-5.1.0.jar;C:\Users\ashwi\.m2\repository\org\springframework\spring-jdbc\6.1.16\spring-jdbc-6.1.16.jar;C:\Users\ashwi\.m2\repository\org\hibernate\orm\hibernate-core\6.5.3.Final\hibernate-core-6.5.3.Final.jar;C:\Users\ashwi\.m2\repository\jakarta\persistence\jakarta.persistence-api\3.1.0\jakarta.persistence-api-3.1.0.jar;C:\Users\ashwi\.m2\repository\jakarta\transaction\jakarta.transaction-api\2.0.1\jakarta.transaction-api-2.0.1.jar;C:\Users\ashwi\.m2\repository\org\jboss\logging\jboss-logging\3.5.3.Final\jboss-logging-3.5.3.Final.jar;C:\Users\ashwi\.m2\repository\org\hibernate\common\hibernate-commons-annotations\6.0.6.Final\hibernate-commons-annotations-6.0.6.Final.jar;C:\Users\ashwi\.m2\repository\io\smallrye\jandex\3.1.2\jandex-3.1.2.jar;C:\Users\ashwi\.m2\repository\com\fasterxml\classmate\1.7.0\classmate-1.7.0.jar;C:\Users\ashwi\.m2\repository\net\bytebuddy\byte-buddy\1.14.19\byte-buddy-1.14.19.jar;C:\Users\ashwi\.m2\repository\org\glassfish\jaxb\jaxb-runtime\4.0.5\jaxb-runtime-4.0.5.jar;C:\Users\ashwi\.m2\repository\org\glassfish\jaxb\jaxb-core\4.0.5\jaxb-core-4.0.5.jar;C:\Users\ashwi\.m2\repository\org\eclipse\angus\angus-activation\2.0.2\angus-activation-2.0.2.jar;C:\Users\ashwi\.m2\repository\org\glassfish\jaxb\txw2\4.0.5\txw2-4.0.5.jar;C:\Users\ashwi\.m2\repository\com\sun\istack\istack-commons-runtime\4.1.2\istack-commons-runtime-4.1.2.jar;C:\Users\ashwi\.m2\repository\jakarta\inject\jakarta.inject-api\2.0.1\jakarta.inject-api-2.0.1.jar;C:\Users\ashwi\.m2\repository\org\antlr\antlr4-runtime\4.13.0\antlr4-runtime-4.13.0.jar;C:\Users\ashwi\.m2\repository\org\springframework\data\spring-data-jpa\3.3.8\spring-data-jpa-3.3.8.jar;C:\Users\ashwi\.m2\repository\org\springframework\data\spring-data-commons\3.3.8\spring-data-commons-3.3.8.jar;C:\Users\ashwi\.m2\repository\org\springframework\spring-orm\6.1.16\spring-orm-6.1.16.jar;C:\Users\ashwi\.m2\repository\org\springframework\spring-context\6.1.16\spring-context-6.1.16.jar;C:\Users\ashwi\.m2\repository\org\springframework\spring-tx\6.1.16\spring-tx-6.1.16.jar;C:\Users\ashwi\.m2\repository\org\springframework\spring-beans\6.1.16\spring-beans-6.1.16.jar;C:\Users\ashwi\.m2\repository\jakarta\annotation\jakarta.annotation-api\2.1.1\jakarta.annotation-api-2.1.1.jar;C:\Users\ashwi\.m2\repository\org\springframework\spring-aspects\6.1.16\spring-aspects-6.1.16.jar;C:\Users\ashwi\.m2\repository\org\springframework\boot\spring-boot-starter-web\3.3.8\spring-boot-starter-web-3.3.8.jar;C:\Users\ashwi\.m2\repository\org\springframework\boot\spring-boot-starter\3.3.8\spring-boot-starter-3.3.8.jar;C:\Users\ashwi\.m2\repository\org\springframework\boot\spring-boot\3.3.8\spring-boot-3.3.8.jar;C:\Users\ashwi\.m2\repository\org\springframework\boot\spring-boot-autoconfigure\3.3.8\spring-boot-autoconfigure-3.3.8.jar;C:\Users\ashwi\.m2\repository\org\springframework\boot\spring-boot-starter-logging\3.3.8\spring-boot-starter-logging-3.3.8.jar;C:\Users\ashwi\.m2\repository\ch\qos\logback\logback-classic\1.5.16\logback-classic-1.5.16.jar;C:\Users\ashwi\.m2\repository\ch\qos\logback\logback-core\1.5.16\logback-core-1.5.16.jar;C:\Users\ashwi\.m2\repository\org\apache\logging\log4j\log4j-to-slf4j\2.23.1\log4j-to-slf4j-2.23.1.jar;C:\Users\ashwi\.m2\repository\org\apache\logging\log4j\log4j-api\2.23.1\log4j-api-2.23.1.jar;C:\Users\ashwi\.m2\repository\org\slf4j\jul-to-slf4j\2.0.16\jul-to-slf4j-2.0.16.jar;C:\Users\ashwi\.m2\repository\org\yaml\snakeyaml\2.2\snakeyaml-2.2.jar;C:\Users\ashwi\.m2\repository\org\springframework\boot\spring-boot-starter-json\3.3.8\spring-boot-starter-json-3.3.8.jar;C:\Users\ashwi\.m2\repository\com\fasterxml\jackson\datatype\jackson-datatype-jdk8\2.17.3\jackson-datatype-jdk8-2.17.3.jar;C:\Users\ashwi\.m2\repository\com\fasterxml\jackson\datatype\jackson-datatype-jsr310\2.17.3\jackson-datatype-jsr310-2.17.3.jar;C:\Users\ashwi\.m2\repository\com\fasterxml\jackson\module\jackson-module-parameter-names\2.17.3\jackson-module-parameter-names-2.17.3.jar;C:\Users\ashwi\.m2\repository\org\springframework\boot\spring-boot-starter-tomcat\3.3.8\spring-boot-starter-tomcat-3.3.8.jar;C:\Users\ashwi\.m2\repository\org\apache\tomcat\embed\tomcat-embed-core\10.1.34\tomcat-embed-core-10.1.34.jar;C:\Users\ashwi\.m2\repository\org\apache\tomcat\embed\tomcat-embed-el\10.1.34\tomcat-embed-el-10.1.34.jar;C:\Users\ashwi\.m2\repository\org\apache\tomcat\embed\tomcat-embed-websocket\10.1.34\tomcat-embed-websocket-10.1.34.jar;C:\Users\ashwi\.m2\repository\org\springframework\spring-web\6.1.16\spring-web-6.1.16.jar;C:\Users\ashwi\.m2\repository\org\springframework\spring-webmvc\6.1.16\spring-webmvc-6.1.16.jar;C:\Users\ashwi\.m2\repository\org\springframework\spring-expression\6.1.16\spring-expression-6.1.16.jar;C:\Users\ashwi\.m2\repository\org\springframework\cloud\spring-cloud-starter\4.1.5\spring-cloud-starter-4.1.5.jar;C:\Users\ashwi\.m2\repository\org\springframework\cloud\spring-cloud-context\4.1.5\spring-cloud-context-4.1.5.jar;C:\Users\ashwi\.m2\repository\org\springframework\security\spring-security-crypto\6.3.6\spring-security-crypto-6.3.6.jar;C:\Users\ashwi\.m2\repository\org\springframework\cloud\spring-cloud-commons\4.1.5\spring-cloud-commons-4.1.5.jar;C:\Users\ashwi\.m2\repository\org\springframework\security\spring-security-rsa\1.1.3\spring-security-rsa-1.1.3.jar;C:\Users\ashwi\.m2\repository\org\bouncycastle\bcprov-jdk18on\1.78\bcprov-jdk18on-1.78.jar;C:\Users\ashwi\.m2\repository\com\mysql\mysql-connector-j\8.3.0\mysql-connector-j-8.3.0.jar;C:\Users\ashwi\.m2\repository\org\projectlombok\lombok\1.18.36\lombok-1.18.36.jar;C:\Users\ashwi\.m2\repository\org\springframework\boot\spring-boot-starter-test\3.3.8\spring-boot-starter-test-3.3.8.jar;C:\Users\ashwi\.m2\repository\org\springframework\boot\spring-boot-test\3.3.8\spring-boot-test-3.3.8.jar;C:\Users\ashwi\.m2\repository\org\springframework\boot\spring-boot-test-autoconfigure\3.3.8\spring-boot-test-autoconfigure-3.3.8.jar;C:\Users\ashwi\.m2\repository\com\jayway\jsonpath\json-path\2.9.0\json-path-2.9.0.jar;C:\Users\ashwi\.m2\repository\jakarta\xml\bind\jakarta.xml.bind-api\4.0.2\jakarta.xml.bind-api-4.0.2.jar;C:\Users\ashwi\.m2\repository\jakarta\activation\jakarta.activation-api\2.1.3\jakarta.activation-api-2.1.3.jar;C:\Users\ashwi\.m2\repository\net\minidev\json-smart\2.5.1\json-smart-2.5.1.jar;C:\Users\ashwi\.m2\repository\net\minidev\accessors-smart\2.5.1\accessors-smart-2.5.1.jar;C:\Users\ashwi\.m2\repository\org\ow2\asm\asm\9.6\asm-9.6.jar;C:\Users\ashwi\.m2\repository\org\assertj\assertj-core\3.25.3\assertj-core-3.25.3.jar;C:\Users\ashwi\.m2\repository\org\awaitility\awaitility\4.2.2\awaitility-4.2.2.jar;C:\Users\ashwi\.m2\repository\org\hamcrest\hamcrest\2.2\hamcrest-2.2.jar;C:\Users\ashwi\.m2\repository\org\junit\jupiter\junit-jupiter\5.10.5\junit-jupiter-5.10.5.jar;C:\Users\ashwi\.m2\repository\org\junit\jupiter\junit-jupiter-api\5.10.5\junit-jupiter-api-5.10.5.jar;C:\Users\ashwi\.m2\repository\org\opentest4j\opentest4j\1.3.0\opentest4j-1.3.0.jar;C:\Users\ashwi\.m2\repository\org\junit\platform\junit-platform-commons\1.10.5\junit-platform-commons-1.10.5.jar;C:\Users\ashwi\.m2\repository\org\apiguardian\apiguardian-api\1.1.2\apiguardian-api-1.1.2.jar;C:\Users\ashwi\.m2\repository\org\junit\jupiter\junit-jupiter-params\5.10.5\junit-jupiter-params-5.10.5.jar;C:\Users\ashwi\.m2\repository\org\junit\jupiter\junit-jupiter-engine\5.10.5\junit-jupiter-engine-5.10.5.jar;C:\Users\ashwi\.m2\repository\org\junit\platform\junit-platform-engine\1.10.5\junit-platform-engine-1.10.5.jar;C:\Users\ashwi\.m2\repository\org\mockito\mockito-core\5.11.0\mockito-core-5.11.0.jar;C:\Users\ashwi\.m2\repository\net\bytebuddy\byte-buddy-agent\1.14.19\byte-buddy-agent-1.14.19.jar;C:\Users\ashwi\.m2\repository\org\objenesis\objenesis\3.3\objenesis-3.3.jar;C:\Users\ashwi\.m2\repository\org\mockito\mockito-junit-jupiter\5.11.0\mockito-junit-jupiter-5.11.0.jar;C:\Users\ashwi\.m2\repository\org\skyscreamer\jsonassert\1.5.3\jsonassert-1.5.3.jar;C:\Users\ashwi\.m2\repository\com\vaadin\external\google\android-json\0.0.20131108.vaadin1\android-json-0.0.20131108.vaadin1.jar;C:\Users\ashwi\.m2\repository\org\springframework\spring-core\6.1.16\spring-core-6.1.16.jar;C:\Users\ashwi\.m2\repository\org\springframework\spring-jcl\6.1.16\spring-jcl-6.1.16.jar;C:\Users\ashwi\.m2\repository\org\springframework\spring-test\6.1.16\spring-test-6.1.16.jar;C:\Users\ashwi\.m2\repository\org\xmlunit\xmlunit-core\2.9.1\xmlunit-core-2.9.1.jar;C:\Users\ashwi\.m2\repository\org\springframework\cloud\spring-cloud-starter-netflix-eureka-client\4.1.5\spring-cloud-starter-netflix-eureka-client-4.1.5.jar;C:\Users\ashwi\.m2\repository\org\springframework\cloud\spring-cloud-netflix-eureka-client\4.1.5\spring-cloud-netflix-eureka-client-4.1.5.jar;C:\Users\ashwi\.m2\repository\org\apache\httpcomponents\client5\httpclient5\5.3.1\httpclient5-5.3.1.jar;C:\Users\ashwi\.m2\repository\org\apache\httpcomponents\core5\httpcore5\5.2.5\httpcore5-5.2.5.jar;C:\Users\ashwi\.m2\repository\org\apache\httpcomponents\core5\httpcore5-h2\5.2.5\httpcore5-h2-5.2.5.jar;C:\Users\ashwi\.m2\repository\com\netflix\eureka\eureka-client\2.0.4\eureka-client-2.0.4.jar;C:\Users\ashwi\.m2\repository\com\thoughtworks\xstream\xstream\1.4.20\xstream-1.4.20.jar;C:\Users\ashwi\.m2\repository\io\github\x-stream\mxparser\1.2.2\mxparser-1.2.2.jar;C:\Users\ashwi\.m2\repository\xmlpull\xmlpull\1.1.3.1\xmlpull-1.1.3.1.jar;C:\Users\ashwi\.m2\repository\jakarta\ws\rs\jakarta.ws.rs-api\3.1.0\jakarta.ws.rs-api-3.1.0.jar;C:\Users\ashwi\.m2\repository\com\netflix\spectator\spectator-api\1.7.3\spectator-api-1.7.3.jar;C:\Users\ashwi\.m2\repository\org\apache\httpcomponents\httpclient\4.5.3\httpclient-4.5.3.jar;C:\Users\ashwi\.m2\repository\org\apache\httpcomponents\httpcore\4.4.16\httpcore-4.4.16.jar;C:\Users\ashwi\.m2\repository\commons-codec\commons-codec\1.16.1\commons-codec-1.16.1.jar;C:\Users\ashwi\.m2\repository\commons-configuration\commons-configuration\1.10\commons-configuration-1.10.jar;C:\Users\ashwi\.m2\repository\commons-lang\commons-lang\2.6\commons-lang-2.6.jar;C:\Users\ashwi\.m2\repository\com\fasterxml\jackson\core\jackson-annotations\2.17.3\jackson-annotations-2.17.3.jar;C:\Users\ashwi\.m2\repository\com\fasterxml\jackson\core\jackson-core\2.17.3\jackson-core-2.17.3.jar;C:\Users\ashwi\.m2\repository\com\netflix\netflix-commons\netflix-eventbus\0.3.0\netflix-eventbus-0.3.0.jar;C:\Users\ashwi\.m2\repository\com\netflix\netflix-commons\netflix-infix\0.3.0\netflix-infix-0.3.0.jar;C:\Users\ashwi\.m2\repository\commons-jxpath\commons-jxpath\1.3\commons-jxpath-1.3.jar;C:\Users\ashwi\.m2\repository\joda-time\joda-time\2.3\joda-time-2.3.jar;C:\Users\ashwi\.m2\repository\org\antlr\antlr-runtime\3.4\antlr-runtime-3.4.jar;C:\Users\ashwi\.m2\repository\org\antlr\stringtemplate\3.2.1\stringtemplate-3.2.1.jar;C:\Users\ashwi\.m2\repository\antlr\antlr\2.7.7\antlr-2.7.7.jar;C:\Users\ashwi\.m2\repository\com\google\code\gson\gson\2.10.1\gson-2.10.1.jar;C:\Users\ashwi\.m2\repository\com\netflix\servo\servo-core\0.5.3\servo-core-0.5.3.jar;C:\Users\ashwi\.m2\repository\org\apache\commons\commons-math\2.2\commons-math-2.2.jar;C:\Users\ashwi\.m2\repository\javax\annotation\javax.annotation-api\1.2\javax.annotation-api-1.2.jar;C:\Users\ashwi\.m2\repository\org\codehaus\jettison\jettison\1.5.4\jettison-1.5.4.jar;C:\Users\ashwi\.m2\repository\com\netflix\eureka\eureka-core\2.0.4\eureka-core-2.0.4.jar;C:\Users\ashwi\.m2\repository\com\fasterxml\woodstox\woodstox-core\6.4.0\woodstox-core-6.4.0.jar;C:\Users\ashwi\.m2\repository\org\codehaus\woodstox\stax2-api\4.2.1\stax2-api-4.2.1.jar;C:\Users\ashwi\.m2\repository\com\google\guava\guava\33.0.0-jre\guava-33.0.0-jre.jar;C:\Users\ashwi\.m2\repository\com\google\guava\failureaccess\1.0.2\failureaccess-1.0.2.jar;C:\Users\ashwi\.m2\repository\com\google\guava\listenablefuture\9999.0-empty-to-avoid-conflict-with-guava\listenablefuture-9999.0-empty-to-avoid-conflict-with-guava.jar;C:\Users\ashwi\.m2\repository\org\checkerframework\checker-qual\3.41.0\checker-qual-3.41.0.jar;C:\Users\ashwi\.m2\repository\com\google\errorprone\error_prone_annotations\2.23.0\error_prone_annotations-2.23.0.jar;C:\Users\ashwi\.m2\repository\com\google\j2objc\j2objc-annotations\2.8\j2objc-annotations-2.8.jar;C:\Users\ashwi\.m2\repository\org\springframework\cloud\spring-cloud-starter-loadbalancer\4.1.5\spring-cloud-starter-loadbalancer-4.1.5.jar;C:\Users\ashwi\.m2\repository\org\springframework\cloud\spring-cloud-loadbalancer\4.1.5\spring-cloud-loadbalancer-4.1.5.jar;C:\Users\ashwi\.m2\repository\io\projectreactor\reactor-core\3.6.13\reactor-core-3.6.13.jar;C:\Users\ashwi\.m2\repository\org\reactivestreams\reactive-streams\1.0.4\reactive-streams-1.0.4.jar;C:\Users\ashwi\.m2\repository\io\projectreactor\addons\reactor-extra\3.5.2\reactor-extra-3.5.2.jar;C:\Users\ashwi\.m2\repository\org\springframework\boot\spring-boot-starter-cache\3.3.8\spring-boot-starter-cache-3.3.8.jar;C:\Users\ashwi\.m2\repository\org\springframework\spring-context-support\6.1.16\spring-context-support-6.1.16.jar;C:\Users\ashwi\.m2\repository\com\stoyanr\evictor\1.0.0\evictor-1.0.0.jar;C:\Users\ashwi\.m2\repository\org\springframework\cloud\spring-cloud-starter-config\4.1.5\spring-cloud-starter-config-4.1.5.jar;C:\Users\ashwi\.m2\repository\org\springframework\cloud\spring-cloud-config-client\4.1.5\spring-cloud-config-client-4.1.5.jar;C:\Users\ashwi\.m2\repository\com\fasterxml\jackson\core\jackson-databind\2.17.3\jackson-databind-2.17.3.jar;C:\Users\ashwi\.m2\repository\io\micrometer\micrometer-tracing\1.3.8\micrometer-tracing-1.3.8.jar;C:\Users\ashwi\.m2\repository\io\micrometer\micrometer-observation\1.13.10\micrometer-observation-1.13.10.jar;C:\Users\ashwi\.m2\repository\io\micrometer\micrometer-commons\1.13.10\micrometer-commons-1.13.10.jar;C:\Users\ashwi\.m2\repository\io\micrometer\context-propagation\1.1.2\context-propagation-1.1.2.jar;C:\Users\ashwi\.m2\repository\aopalliance\aopalliance\1.0\aopalliance-1.0.jar;C:\Users\ashwi\.m2\repository\io\micrometer\micrometer-tracing-bridge-brave\1.3.8\micrometer-tracing-bridge-brave-1.3.8.jar;C:\Users\ashwi\.m2\repository\org\slf4j\slf4j-api\2.0.16\slf4j-api-2.0.16.jar;C:\Users\ashwi\.m2\repository\io\zipkin\brave\brave\6.0.3\brave-6.0.3.jar;C:\Users\ashwi\.m2\repository\io\zipkin\brave\brave-context-slf4j\6.0.3\brave-context-slf4j-6.0.3.jar;C:\Users\ashwi\.m2\repository\io\zipkin\brave\brave-instrumentation-http\6.0.3\brave-instrumentation-http-6.0.3.jar;C:\Users\ashwi\.m2\repository\io\zipkin\aws\brave-propagation-aws\1.2.5\brave-propagation-aws-1.2.5.jar;C:\Users\ashwi\.m2\repository\io\zipkin\contrib\brave-propagation-w3c\brave-propagation-tracecontext\0.2.0\brave-propagation-tracecontext-0.2.0.jar;C:\Users\ashwi\.m2\repository\io\zipkin\reporter2\zipkin-reporter-brave\3.4.3\zipkin-reporter-brave-3.4.3.jar;C:\Users\ashwi\.m2\repository\io\zipkin\reporter2\zipkin-reporter\3.4.3\zipkin-reporter-3.4.3.jar;C:\Users\ashwi\.m2\repository\org\springframework\boot\spring-boot-starter-actuator\3.3.8\spring-boot-starter-actuator-3.3.8.jar;C:\Users\ashwi\.m2\repository\org\springframework\boot\spring-boot-actuator-autoconfigure\3.3.8\spring-boot-actuator-autoconfigure-3.3.8.jar;C:\Users\ashwi\.m2\repository\org\springframework\boot\spring-boot-actuator\3.3.8\spring-boot-actuator-3.3.8.jar;C:\Users\ashwi\.m2\repository\io\micrometer\micrometer-jakarta9\1.13.10\micrometer-jakarta9-1.13.10.jar;C:\Users\ashwi\.m2\repository\io\micrometer\micrometer-core\1.13.10\micrometer-core-1.13.10.jar;C:\Users\ashwi\.m2\repository\org\hdrhistogram\HdrHistogram\2.2.2\HdrHistogram-2.2.2.jar;C:\Users\ashwi\.m2\repository\org\latencyutils\LatencyUtils\2.0.3\LatencyUtils-2.0.3.jar;"/>
    <property name="java.vm.vendor" value="Oracle Corporation"/>
    <property name="sun.arch.data.model" value="64"/>
    <property name="user.variant" value=""/>
    <property name="java.vendor.url" value="https://java.oracle.com/"/>
    <property name="user.timezone" value="America/New_York"/>
    <property name="org.jboss.logging.provider" value="slf4j"/>
    <property name="os.name" value="Windows 11"/>
    <property name="java.vm.specification.version" value="23"/>
    <property name="sun.java.launcher" value="SUN_STANDARD"/>
    <property name="user.country" value="US"/>
    <property name="sun.boot.library.path" value="C:\Users\ashwi\.jdks\openjdk-23.0.1\bin"/>
    <property name="sun.java.command" value="C:\Users\ashwi\AppData\Local\Temp\surefire3469139610825194994\surefirebooter-20250210151243358_3.jar C:\Users\ashwi\AppData\Local\Temp\surefire3469139610825194994 2025-02-10T15-12-43_010-jvmRun1 surefire-20250210151243358_1tmp surefire_0-20250210151243358_2tmp"/>
    <property name="jdk.debug" value="release"/>
    <property name="surefire.test.class.path" value="C:\springboot\Ashman\ProductService\target\test-classes;C:\springboot\Ashman\ProductService\target\classes;C:\Users\ashwi\.m2\repository\org\springframework\boot\spring-boot-starter-data-jpa\3.3.8\spring-boot-starter-data-jpa-3.3.8.jar;C:\Users\ashwi\.m2\repository\org\springframework\boot\spring-boot-starter-aop\3.3.8\spring-boot-starter-aop-3.3.8.jar;C:\Users\ashwi\.m2\repository\org\springframework\spring-aop\6.1.16\spring-aop-6.1.16.jar;C:\Users\ashwi\.m2\repository\org\aspectj\aspectjweaver\1.9.22.1\aspectjweaver-1.9.22.1.jar;C:\Users\ashwi\.m2\repository\org\springframework\boot\spring-boot-starter-jdbc\3.3.8\spring-boot-starter-jdbc-3.3.8.jar;C:\Users\ashwi\.m2\repository\com\zaxxer\HikariCP\5.1.0\HikariCP-5.1.0.jar;C:\Users\ashwi\.m2\repository\org\springframework\spring-jdbc\6.1.16\spring-jdbc-6.1.16.jar;C:\Users\ashwi\.m2\repository\org\hibernate\orm\hibernate-core\6.5.3.Final\hibernate-core-6.5.3.Final.jar;C:\Users\ashwi\.m2\repository\jakarta\persistence\jakarta.persistence-api\3.1.0\jakarta.persistence-api-3.1.0.jar;C:\Users\ashwi\.m2\repository\jakarta\transaction\jakarta.transaction-api\2.0.1\jakarta.transaction-api-2.0.1.jar;C:\Users\ashwi\.m2\repository\org\jboss\logging\jboss-logging\3.5.3.Final\jboss-logging-3.5.3.Final.jar;C:\Users\ashwi\.m2\repository\org\hibernate\common\hibernate-commons-annotations\6.0.6.Final\hibernate-commons-annotations-6.0.6.Final.jar;C:\Users\ashwi\.m2\repository\io\smallrye\jandex\3.1.2\jandex-3.1.2.jar;C:\Users\ashwi\.m2\repository\com\fasterxml\classmate\1.7.0\classmate-1.7.0.jar;C:\Users\ashwi\.m2\repository\net\bytebuddy\byte-buddy\1.14.19\byte-buddy-1.14.19.jar;C:\Users\ashwi\.m2\repository\org\glassfish\jaxb\jaxb-runtime\4.0.5\jaxb-runtime-4.0.5.jar;C:\Users\ashwi\.m2\repository\org\glassfish\jaxb\jaxb-core\4.0.5\jaxb-core-4.0.5.jar;C:\Users\ashwi\.m2\repository\org\eclipse\angus\angus-activation\2.0.2\angus-activation-2.0.2.jar;C:\Users\ashwi\.m2\repository\org\glassfish\jaxb\txw2\4.0.5\txw2-4.0.5.jar;C:\Users\ashwi\.m2\repository\com\sun\istack\istack-commons-runtime\4.1.2\istack-commons-runtime-4.1.2.jar;C:\Users\ashwi\.m2\repository\jakarta\inject\jakarta.inject-api\2.0.1\jakarta.inject-api-2.0.1.jar;C:\Users\ashwi\.m2\repository\org\antlr\antlr4-runtime\4.13.0\antlr4-runtime-4.13.0.jar;C:\Users\ashwi\.m2\repository\org\springframework\data\spring-data-jpa\3.3.8\spring-data-jpa-3.3.8.jar;C:\Users\ashwi\.m2\repository\org\springframework\data\spring-data-commons\3.3.8\spring-data-commons-3.3.8.jar;C:\Users\ashwi\.m2\repository\org\springframework\spring-orm\6.1.16\spring-orm-6.1.16.jar;C:\Users\ashwi\.m2\repository\org\springframework\spring-context\6.1.16\spring-context-6.1.16.jar;C:\Users\ashwi\.m2\repository\org\springframework\spring-tx\6.1.16\spring-tx-6.1.16.jar;C:\Users\ashwi\.m2\repository\org\springframework\spring-beans\6.1.16\spring-beans-6.1.16.jar;C:\Users\ashwi\.m2\repository\jakarta\annotation\jakarta.annotation-api\2.1.1\jakarta.annotation-api-2.1.1.jar;C:\Users\ashwi\.m2\repository\org\springframework\spring-aspects\6.1.16\spring-aspects-6.1.16.jar;C:\Users\ashwi\.m2\repository\org\springframework\boot\spring-boot-starter-web\3.3.8\spring-boot-starter-web-3.3.8.jar;C:\Users\ashwi\.m2\repository\org\springframework\boot\spring-boot-starter\3.3.8\spring-boot-starter-3.3.8.jar;C:\Users\ashwi\.m2\repository\org\springframework\boot\spring-boot\3.3.8\spring-boot-3.3.8.jar;C:\Users\ashwi\.m2\repository\org\springframework\boot\spring-boot-autoconfigure\3.3.8\spring-boot-autoconfigure-3.3.8.jar;C:\Users\ashwi\.m2\repository\org\springframework\boot\spring-boot-starter-logging\3.3.8\spring-boot-starter-logging-3.3.8.jar;C:\Users\ashwi\.m2\repository\ch\qos\logback\logback-classic\1.5.16\logback-classic-1.5.16.jar;C:\Users\ashwi\.m2\repository\ch\qos\logback\logback-core\1.5.16\logback-core-1.5.16.jar;C:\Users\ashwi\.m2\repository\org\apache\logging\log4j\log4j-to-slf4j\2.23.1\log4j-to-slf4j-2.23.1.jar;C:\Users\ashwi\.m2\repository\org\apache\logging\log4j\log4j-api\2.23.1\log4j-api-2.23.1.jar;C:\Users\ashwi\.m2\repository\org\slf4j\jul-to-slf4j\2.0.16\jul-to-slf4j-2.0.16.jar;C:\Users\ashwi\.m2\repository\org\yaml\snakeyaml\2.2\snakeyaml-2.2.jar;C:\Users\ashwi\.m2\repository\org\springframework\boot\spring-boot-starter-json\3.3.8\spring-boot-starter-json-3.3.8.jar;C:\Users\ashwi\.m2\repository\com\fasterxml\jackson\datatype\jackson-datatype-jdk8\2.17.3\jackson-datatype-jdk8-2.17.3.jar;C:\Users\ashwi\.m2\repository\com\fasterxml\jackson\datatype\jackson-datatype-jsr310\2.17.3\jackson-datatype-jsr310-2.17.3.jar;C:\Users\ashwi\.m2\repository\com\fasterxml\jackson\module\jackson-module-parameter-names\2.17.3\jackson-module-parameter-names-2.17.3.jar;C:\Users\ashwi\.m2\repository\org\springframework\boot\spring-boot-starter-tomcat\3.3.8\spring-boot-starter-tomcat-3.3.8.jar;C:\Users\ashwi\.m2\repository\org\apache\tomcat\embed\tomcat-embed-core\10.1.34\tomcat-embed-core-10.1.34.jar;C:\Users\ashwi\.m2\repository\org\apache\tomcat\embed\tomcat-embed-el\10.1.34\tomcat-embed-el-10.1.34.jar;C:\Users\ashwi\.m2\repository\org\apache\tomcat\embed\tomcat-embed-websocket\10.1.34\tomcat-embed-websocket-10.1.34.jar;C:\Users\ashwi\.m2\repository\org\springframework\spring-web\6.1.16\spring-web-6.1.16.jar;C:\Users\ashwi\.m2\repository\org\springframework\spring-webmvc\6.1.16\spring-webmvc-6.1.16.jar;C:\Users\ashwi\.m2\repository\org\springframework\spring-expression\6.1.16\spring-expression-6.1.16.jar;C:\Users\ashwi\.m2\repository\org\springframework\cloud\spring-cloud-starter\4.1.5\spring-cloud-starter-4.1.5.jar;C:\Users\ashwi\.m2\repository\org\springframework\cloud\spring-cloud-context\4.1.5\spring-cloud-context-4.1.5.jar;C:\Users\ashwi\.m2\repository\org\springframework\security\spring-security-crypto\6.3.6\spring-security-crypto-6.3.6.jar;C:\Users\ashwi\.m2\repository\org\springframework\cloud\spring-cloud-commons\4.1.5\spring-cloud-commons-4.1.5.jar;C:\Users\ashwi\.m2\repository\org\springframework\security\spring-security-rsa\1.1.3\spring-security-rsa-1.1.3.jar;C:\Users\ashwi\.m2\repository\org\bouncycastle\bcprov-jdk18on\1.78\bcprov-jdk18on-1.78.jar;C:\Users\ashwi\.m2\repository\com\mysql\mysql-connector-j\8.3.0\mysql-connector-j-8.3.0.jar;C:\Users\ashwi\.m2\repository\org\projectlombok\lombok\1.18.36\lombok-1.18.36.jar;C:\Users\ashwi\.m2\repository\org\springframework\boot\spring-boot-starter-test\3.3.8\spring-boot-starter-test-3.3.8.jar;C:\Users\ashwi\.m2\repository\org\springframework\boot\spring-boot-test\3.3.8\spring-boot-test-3.3.8.jar;C:\Users\ashwi\.m2\repository\org\springframework\boot\spring-boot-test-autoconfigure\3.3.8\spring-boot-test-autoconfigure-3.3.8.jar;C:\Users\ashwi\.m2\repository\com\jayway\jsonpath\json-path\2.9.0\json-path-2.9.0.jar;C:\Users\ashwi\.m2\repository\jakarta\xml\bind\jakarta.xml.bind-api\4.0.2\jakarta.xml.bind-api-4.0.2.jar;C:\Users\ashwi\.m2\repository\jakarta\activation\jakarta.activation-api\2.1.3\jakarta.activation-api-2.1.3.jar;C:\Users\ashwi\.m2\repository\net\minidev\json-smart\2.5.1\json-smart-2.5.1.jar;C:\Users\ashwi\.m2\repository\net\minidev\accessors-smart\2.5.1\accessors-smart-2.5.1.jar;C:\Users\ashwi\.m2\repository\org\ow2\asm\asm\9.6\asm-9.6.jar;C:\Users\ashwi\.m2\repository\org\assertj\assertj-core\3.25.3\assertj-core-3.25.3.jar;C:\Users\ashwi\.m2\repository\org\awaitility\awaitility\4.2.2\awaitility-4.2.2.jar;C:\Users\ashwi\.m2\repository\org\hamcrest\hamcrest\2.2\hamcrest-2.2.jar;C:\Users\ashwi\.m2\repository\org\junit\jupiter\junit-jupiter\5.10.5\junit-jupiter-5.10.5.jar;C:\Users\ashwi\.m2\repository\org\junit\jupiter\junit-jupiter-api\5.10.5\junit-jupiter-api-5.10.5.jar;C:\Users\ashwi\.m2\repository\org\opentest4j\opentest4j\1.3.0\opentest4j-1.3.0.jar;C:\Users\ashwi\.m2\repository\org\junit\platform\junit-platform-commons\1.10.5\junit-platform-commons-1.10.5.jar;C:\Users\ashwi\.m2\repository\org\apiguardian\apiguardian-api\1.1.2\apiguardian-api-1.1.2.jar;C:\Users\ashwi\.m2\repository\org\junit\jupiter\junit-jupiter-params\5.10.5\junit-jupiter-params-5.10.5.jar;C:\Users\ashwi\.m2\repository\org\junit\jupiter\junit-jupiter-engine\5.10.5\junit-jupiter-engine-5.10.5.jar;C:\Users\ashwi\.m2\repository\org\junit\platform\junit-platform-engine\1.10.5\junit-platform-engine-1.10.5.jar;C:\Users\ashwi\.m2\repository\org\mockito\mockito-core\5.11.0\mockito-core-5.11.0.jar;C:\Users\ashwi\.m2\repository\net\bytebuddy\byte-buddy-agent\1.14.19\byte-buddy-agent-1.14.19.jar;C:\Users\ashwi\.m2\repository\org\objenesis\objenesis\3.3\objenesis-3.3.jar;C:\Users\ashwi\.m2\repository\org\mockito\mockito-junit-jupiter\5.11.0\mockito-junit-jupiter-5.11.0.jar;C:\Users\ashwi\.m2\repository\org\skyscreamer\jsonassert\1.5.3\jsonassert-1.5.3.jar;C:\Users\ashwi\.m2\repository\com\vaadin\external\google\android-json\0.0.20131108.vaadin1\android-json-0.0.20131108.vaadin1.jar;C:\Users\ashwi\.m2\repository\org\springframework\spring-core\6.1.16\spring-core-6.1.16.jar;C:\Users\ashwi\.m2\repository\org\springframework\spring-jcl\6.1.16\spring-jcl-6.1.16.jar;C:\Users\ashwi\.m2\repository\org\springframework\spring-test\6.1.16\spring-test-6.1.16.jar;C:\Users\ashwi\.m2\repository\org\xmlunit\xmlunit-core\2.9.1\xmlunit-core-2.9.1.jar;C:\Users\ashwi\.m2\repository\org\springframework\cloud\spring-cloud-starter-netflix-eureka-client\4.1.5\spring-cloud-starter-netflix-eureka-client-4.1.5.jar;C:\Users\ashwi\.m2\repository\org\springframework\cloud\spring-cloud-netflix-eureka-client\4.1.5\spring-cloud-netflix-eureka-client-4.1.5.jar;C:\Users\ashwi\.m2\repository\org\apache\httpcomponents\client5\httpclient5\5.3.1\httpclient5-5.3.1.jar;C:\Users\ashwi\.m2\repository\org\apache\httpcomponents\core5\httpcore5\5.2.5\httpcore5-5.2.5.jar;C:\Users\ashwi\.m2\repository\org\apache\httpcomponents\core5\httpcore5-h2\5.2.5\httpcore5-h2-5.2.5.jar;C:\Users\ashwi\.m2\repository\com\netflix\eureka\eureka-client\2.0.4\eureka-client-2.0.4.jar;C:\Users\ashwi\.m2\repository\com\thoughtworks\xstream\xstream\1.4.20\xstream-1.4.20.jar;C:\Users\ashwi\.m2\repository\io\github\x-stream\mxparser\1.2.2\mxparser-1.2.2.jar;C:\Users\ashwi\.m2\repository\xmlpull\xmlpull\1.1.3.1\xmlpull-1.1.3.1.jar;C:\Users\ashwi\.m2\repository\jakarta\ws\rs\jakarta.ws.rs-api\3.1.0\jakarta.ws.rs-api-3.1.0.jar;C:\Users\ashwi\.m2\repository\com\netflix\spectator\spectator-api\1.7.3\spectator-api-1.7.3.jar;C:\Users\ashwi\.m2\repository\org\apache\httpcomponents\httpclient\4.5.3\httpclient-4.5.3.jar;C:\Users\ashwi\.m2\repository\org\apache\httpcomponents\httpcore\4.4.16\httpcore-4.4.16.jar;C:\Users\ashwi\.m2\repository\commons-codec\commons-codec\1.16.1\commons-codec-1.16.1.jar;C:\Users\ashwi\.m2\repository\commons-configuration\commons-configuration\1.10\commons-configuration-1.10.jar;C:\Users\ashwi\.m2\repository\commons-lang\commons-lang\2.6\commons-lang-2.6.jar;C:\Users\ashwi\.m2\repository\com\fasterxml\jackson\core\jackson-annotations\2.17.3\jackson-annotations-2.17.3.jar;C:\Users\ashwi\.m2\repository\com\fasterxml\jackson\core\jackson-core\2.17.3\jackson-core-2.17.3.jar;C:\Users\ashwi\.m2\repository\com\netflix\netflix-commons\netflix-eventbus\0.3.0\netflix-eventbus-0.3.0.jar;C:\Users\ashwi\.m2\repository\com\netflix\netflix-commons\netflix-infix\0.3.0\netflix-infix-0.3.0.jar;C:\Users\ashwi\.m2\repository\commons-jxpath\commons-jxpath\1.3\commons-jxpath-1.3.jar;C:\Users\ashwi\.m2\repository\joda-time\joda-time\2.3\joda-time-2.3.jar;C:\Users\ashwi\.m2\repository\org\antlr\antlr-runtime\3.4\antlr-runtime-3.4.jar;C:\Users\ashwi\.m2\repository\org\antlr\stringtemplate\3.2.1\stringtemplate-3.2.1.jar;C:\Users\ashwi\.m2\repository\antlr\antlr\2.7.7\antlr-2.7.7.jar;C:\Users\ashwi\.m2\repository\com\google\code\gson\gson\2.10.1\gson-2.10.1.jar;C:\Users\ashwi\.m2\repository\com\netflix\servo\servo-core\0.5.3\servo-core-0.5.3.jar;C:\Users\ashwi\.m2\repository\org\apache\commons\commons-math\2.2\commons-math-2.2.jar;C:\Users\ashwi\.m2\repository\javax\annotation\javax.annotation-api\1.2\javax.annotation-api-1.2.jar;C:\Users\ashwi\.m2\repository\org\codehaus\jettison\jettison\1.5.4\jettison-1.5.4.jar;C:\Users\ashwi\.m2\repository\com\netflix\eureka\eureka-core\2.0.4\eureka-core-2.0.4.jar;C:\Users\ashwi\.m2\repository\com\fasterxml\woodstox\woodstox-core\6.4.0\woodstox-core-6.4.0.jar;C:\Users\ashwi\.m2\repository\org\codehaus\woodstox\stax2-api\4.2.1\stax2-api-4.2.1.jar;C:\Users\ashwi\.m2\repository\com\google\guava\guava\33.0.0-jre\guava-33.0.0-jre.jar;C:\Users\ashwi\.m2\repository\com\google\guava\failureaccess\1.0.2\failureaccess-1.0.2.jar;C:\Users\ashwi\.m2\repository\com\google\guava\listenablefuture\9999.0-empty-to-avoid-conflict-with-guava\listenablefuture-9999.0-empty-to-avoid-conflict-with-guava.jar;C:\Users\ashwi\.m2\repository\org\checkerframework\checker-qual\3.41.0\checker-qual-3.41.0.jar;C:\Users\ashwi\.m2\repository\com\google\errorprone\error_prone_annotations\2.23.0\error_prone_annotations-2.23.0.jar;C:\Users\ashwi\.m2\repository\com\google\j2objc\j2objc-annotations\2.8\j2objc-annotations-2.8.jar;C:\Users\ashwi\.m2\repository\org\springframework\cloud\spring-cloud-starter-loadbalancer\4.1.5\spring-cloud-starter-loadbalancer-4.1.5.jar;C:\Users\ashwi\.m2\repository\org\springframework\cloud\spring-cloud-loadbalancer\4.1.5\spring-cloud-loadbalancer-4.1.5.jar;C:\Users\ashwi\.m2\repository\io\projectreactor\reactor-core\3.6.13\reactor-core-3.6.13.jar;C:\Users\ashwi\.m2\repository\org\reactivestreams\reactive-streams\1.0.4\reactive-streams-1.0.4.jar;C:\Users\ashwi\.m2\repository\io\projectreactor\addons\reactor-extra\3.5.2\reactor-extra-3.5.2.jar;C:\Users\ashwi\.m2\repository\org\springframework\boot\spring-boot-starter-cache\3.3.8\spring-boot-starter-cache-3.3.8.jar;C:\Users\ashwi\.m2\repository\org\springframework\spring-context-support\6.1.16\spring-context-support-6.1.16.jar;C:\Users\ashwi\.m2\repository\com\stoyanr\evictor\1.0.0\evictor-1.0.0.jar;C:\Users\ashwi\.m2\repository\org\springframework\cloud\spring-cloud-starter-config\4.1.5\spring-cloud-starter-config-4.1.5.jar;C:\Users\ashwi\.m2\repository\org\springframework\cloud\spring-cloud-config-client\4.1.5\spring-cloud-config-client-4.1.5.jar;C:\Users\ashwi\.m2\repository\com\fasterxml\jackson\core\jackson-databind\2.17.3\jackson-databind-2.17.3.jar;C:\Users\ashwi\.m2\repository\io\micrometer\micrometer-tracing\1.3.8\micrometer-tracing-1.3.8.jar;C:\Users\ashwi\.m2\repository\io\micrometer\micrometer-observation\1.13.10\micrometer-observation-1.13.10.jar;C:\Users\ashwi\.m2\repository\io\micrometer\micrometer-commons\1.13.10\micrometer-commons-1.13.10.jar;C:\Users\ashwi\.m2\repository\io\micrometer\context-propagation\1.1.2\context-propagation-1.1.2.jar;C:\Users\ashwi\.m2\repository\aopalliance\aopalliance\1.0\aopalliance-1.0.jar;C:\Users\ashwi\.m2\repository\io\micrometer\micrometer-tracing-bridge-brave\1.3.8\micrometer-tracing-bridge-brave-1.3.8.jar;C:\Users\ashwi\.m2\repository\org\slf4j\slf4j-api\2.0.16\slf4j-api-2.0.16.jar;C:\Users\ashwi\.m2\repository\io\zipkin\brave\brave\6.0.3\brave-6.0.3.jar;C:\Users\ashwi\.m2\repository\io\zipkin\brave\brave-context-slf4j\6.0.3\brave-context-slf4j-6.0.3.jar;C:\Users\ashwi\.m2\repository\io\zipkin\brave\brave-instrumentation-http\6.0.3\brave-instrumentation-http-6.0.3.jar;C:\Users\ashwi\.m2\repository\io\zipkin\aws\brave-propagation-aws\1.2.5\brave-propagation-aws-1.2.5.jar;C:\Users\ashwi\.m2\repository\io\zipkin\contrib\brave-propagation-w3c\brave-propagation-tracecontext\0.2.0\brave-propagation-tracecontext-0.2.0.jar;C:\Users\ashwi\.m2\repository\io\zipkin\reporter2\zipkin-reporter-brave\3.4.3\zipkin-reporter-brave-3.4.3.jar;C:\Users\ashwi\.m2\repository\io\zipkin\reporter2\zipkin-reporter\3.4.3\zipkin-reporter-3.4.3.jar;C:\Users\ashwi\.m2\repository\org\springframework\boot\spring-boot-starter-actuator\3.3.8\spring-boot-starter-actuator-3.3.8.jar;C:\Users\ashwi\.m2\repository\org\springframework\boot\spring-boot-actuator-autoconfigure\3.3.8\spring-boot-actuator-autoconfigure-3.3.8.jar;C:\Users\ashwi\.m2\repository\org\springframework\boot\spring-boot-actuator\3.3.8\spring-boot-actuator-3.3.8.jar;C:\Users\ashwi\.m2\repository\io\micrometer\micrometer-jakarta9\1.13.10\micrometer-jakarta9-1.13.10.jar;C:\Users\ashwi\.m2\repository\io\micrometer\micrometer-core\1.13.10\micrometer-core-1.13.10.jar;C:\Users\ashwi\.m2\repository\org\hdrhistogram\HdrHistogram\2.2.2\HdrHistogram-2.2.2.jar;C:\Users\ashwi\.m2\repository\org\latencyutils\LatencyUtils\2.0.3\LatencyUtils-2.0.3.jar;"/>
    <property name="sun.cpu.endian" value="little"/>
    <property name="user.home" value="C:\Users\ashwi"/>
    <property name="user.language" value="en"/>
    <property name="java.specification.vendor" value="Oracle Corporation"/>
    <property name="java.version.date" value="2024-10-15"/>
    <property name="java.home" value="C:\Users\ashwi\.jdks\openjdk-23.0.1"/>
    <property name="file.separator" value="\"/>
    <property name="basedir" value="C:\springboot\Ashman\ProductService"/>
    <property name="java.vm.compressedOopsMode" value="Zero based"/>
    <property name="line.separator" value="&#10;"/>
    <property name="java.vm.specification.vendor" value="Oracle Corporation"/>
    <property name="java.specification.name" value="Java Platform API Specification"/>
    <property name="FILE_LOG_CHARSET" value="UTF-8"/>
    <property name="java.awt.headless" value="true"/>
    <property name="surefire.real.class.path" value="C:\Users\ashwi\AppData\Local\Temp\surefire3469139610825194994\surefirebooter-20250210151243358_3.jar"/>
    <property name="user.script" value=""/>
    <property name="sun.management.compiler" value="HotSpot 64-Bit Tiered Compilers"/>
    <property name="java.runtime.version" value="23.0.1+11-39"/>
    <property name="LOG_CORRELATION_PATTERN" value="%correlationId"/>
    <property name="user.name" value="ashwi"/>
    <property name="stdout.encoding" value="Cp1252"/>
    <property name="path.separator" value=";"/>
    <property name="os.version" value="10.0"/>
    <property name="java.runtime.name" value="OpenJDK Runtime Environment"/>
    <property name="file.encoding" value="UTF-8"/>
    <property name="java.vm.name" value="OpenJDK 64-Bit Server VM"/>
    <property name="localRepository" value="C:\Users\ashwi\.m2\repository"/>
    <property name="java.vendor.url.bug" value="https://bugreport.java.com/bugreport/"/>
    <property name="java.io.tmpdir" value="C:\Users\ashwi\AppData\Local\Temp\"/>
    <property name="idea.version" value="2024.3.2.2"/>
    <property name="com.zaxxer.hikari.pool_number" value="1"/>
    <property name="java.version" value="23.0.1"/>
    <property name="user.dir" value="C:\springboot\Ashman\ProductService"/>
    <property name="os.arch" value="amd64"/>
    <property name="java.vm.specification.name" value="Java Virtual Machine Specification"/>
    <property name="PID" value="12740"/>
    <property name="sun.os.patch.level" value=""/>
    <property name="CONSOLE_LOG_CHARSET" value="UTF-8"/>
    <property name="native.encoding" value="Cp1252"/>
    <property name="java.library.path" value="C:\Users\ashwi\.jdks\openjdk-23.0.1\bin;C:\WINDOWS\Sun\Java\bin;C:\WINDOWS\system32;C:\WINDOWS;C:\Program Files\Common Files\Oracle\Java\javapath;C:\Program Files (x86)\Common Files\Oracle\Java\java8path;C:\Program Files (x86)\Common Files\Oracle\Java\javapath;C:\windows\system32;C:\windows;C:\windows\System32\Wbem;C:\windows\System32\WindowsPowerShell\v1.0\;C:\windows\System32\OpenSSH\;C:\Program Files\HP\HP One Agent;C:\Program Files\Java\jdk-23\bin;C:\kafka\bin;C:\WINDOWS\system32;C:\WINDOWS;C:\WINDOWS\System32\Wbem;C:\WINDOWS\System32\WindowsPowerShell\v1.0\;C:\WINDOWS\System32\OpenSSH\;%NVM_HOME%;%NVM_SYMLINK%;C:\Program Files\Docker\Docker\resources\bin;C:\Program Files\Git\cmd;C:\Program Files\Git\mingw64\bin;C:\Program Files\Git\usr\bin;C:\Program Files\MySQL\MySQL Shell 8.0\bin\;C:\Users\ashwi\AppData\Local\Microsoft\WindowsApps;C:\Users\ashwi\AppData\Local\Programs\Microsoft VS Code\bin;C:\Program Files\JetBrains\IntelliJ IDEA Community Edition 2024.3\bin;;C:\Program Files\MySQL\MySQL Server 8.0\bin;C:\Users\ashwi\AppData\Local\nvm;C:\nvm4w\nodejs;."/>
    <property name="java.vm.info" value="mixed mode, sharing"/>
    <property name="stderr.encoding" value="Cp1252"/>
    <property name="java.vendor" value="Oracle Corporation"/>
    <property name="java.vm.version" value="23.0.1+11-39"/>
    <property name="sun.io.unicode.encoding" value="UnicodeLittle"/>
    <property name="java.class.version" value="67.0"/>
    <property name="LOGGED_APPLICATION_NAME" value="[PRODUCT-SERVICE] "/>
  </properties>
  <testcase name="contextLoads" classname="com.ashman.ProductService.ProductServiceApplicationTests" time="0.429">
    <system-out><![CDATA[15:12:44.537 [main] INFO org.springframework.test.context.support.AnnotationConfigContextLoaderUtils -- Could not detect default configuration classes for test class [com.ashman.ProductService.ProductServiceApplicationTests]: ProductServiceApplicationTests does not declare any static, non-private, non-final, nested classes annotated with @Configuration.
15:12:44.645 [main] INFO org.springframework.boot.test.context.SpringBootTestContextBootstrapper -- Found @SpringBootConfiguration com.ashman.ProductService.ProductServiceApplication for test class com.ashman.ProductService.ProductServiceApplicationTests

  .   ____          _            __ _ _
 /\\ / ___'_ __ _ _(_)_ __  __ _ \ \ \ \
( ( )\___ | '_ | '_| | '_ \/ _` | \ \ \ \
 \\/  ___)| |_)| | | | | || (_| |  ) ) ) )
  '  |____| .__|_| |_|_| |_\__, | / / / /
 =========|_|==============|___/=/_/_/_/

 :: Spring Boot ::                (v3.3.8)

2025-02-10T15:12:45.974-05:00  INFO 12740 --- [PRODUCT-SERVICE] [           main] [                                                 ] c.a.P.ProductServiceApplicationTests     : Starting ProductServiceApplicationTests using Java 23.0.1 with PID 12740 (started by ashwi in C:\springboot\Ashman\ProductService)
2025-02-10T15:12:45.974-05:00  INFO 12740 --- [PRODUCT-SERVICE] [           main] [                                                 ] c.a.P.ProductServiceApplicationTests     : No active profile set, falling back to 1 default profile: "default"
2025-02-10T15:12:46.006-05:00  INFO 12740 --- [PRODUCT-SERVICE] [           main] [                                                 ] o.s.c.c.c.ConfigServerConfigDataLoader   : Fetching config from server at : http://localhost:9296
2025-02-10T15:12:46.008-05:00  INFO 12740 --- [PRODUCT-SERVICE] [           main] [                                                 ] o.s.c.c.c.ConfigServerConfigDataLoader   : Located environment: name=PRODUCT-SERVICE, profiles=[default], label=null, version=5bdbc2633a0da8667353674767835fef71a6ccc1, state=null
2025-02-10T15:12:46.887-05:00  INFO 12740 --- [PRODUCT-SERVICE] [           main] [                                                 ] .s.d.r.c.RepositoryConfigurationDelegate : Bootstrapping Spring Data JPA repositories in DEFAULT mode.
2025-02-10T15:12:46.977-05:00  INFO 12740 --- [PRODUCT-SERVICE] [           main] [                                                 ] .s.d.r.c.RepositoryConfigurationDelegate : Finished Spring Data repository scanning in 86 ms. Found 1 JPA repository interface.
2025-02-10T15:12:47.238-05:00  INFO 12740 --- [PRODUCT-SERVICE] [           main] [                                                 ] o.s.cloud.context.scope.GenericScope     : BeanFactory id=e4ad567d-7670-38ed-90ec-2d71acaadc0c
2025-02-10T15:12:47.771-05:00  INFO 12740 --- [PRODUCT-SERVICE] [           main] [                                                 ] o.hibernate.jpa.internal.util.LogHelper  : HHH000204: Processing PersistenceUnitInfo [name: default]
2025-02-10T15:12:47.845-05:00  INFO 12740 --- [PRODUCT-SERVICE] [           main] [                                                 ] org.hibernate.Version                    : HHH000412: Hibernate ORM core version 6.5.3.Final
2025-02-10T15:12:47.883-05:00  INFO 12740 --- [PRODUCT-SERVICE] [           main] [                                                 ] o.h.c.internal.RegionFactoryInitiator    : HHH000026: Second-level cache disabled
2025-02-10T15:12:48.163-05:00  INFO 12740 --- [PRODUCT-SERVICE] [           main] [                                                 ] o.s.o.j.p.SpringPersistenceUnitInfo      : No LoadTimeWeaver setup: ignoring JPA class transformer
2025-02-10T15:12:48.183-05:00  INFO 12740 --- [PRODUCT-SERVICE] [           main] [                                                 ] com.zaxxer.hikari.HikariDataSource       : HikariPool-1 - Starting...
2025-02-10T15:12:48.427-05:00  INFO 12740 --- [PRODUCT-SERVICE] [           main] [                                                 ] com.zaxxer.hikari.pool.HikariPool        : HikariPool-1 - Added connection com.mysql.cj.jdbc.ConnectionImpl@51a69e8f
2025-02-10T15:12:48.427-05:00  INFO 12740 --- [PRODUCT-SERVICE] [           main] [                                                 ] com.zaxxer.hikari.HikariDataSource       : HikariPool-1 - Start completed.
2025-02-10T15:12:48.451-05:00  WARN 12740 --- [PRODUCT-SERVICE] [           main] [                                                 ] org.hibernate.orm.deprecation            : HHH90000025: MySQL8Dialect does not need to be specified explicitly using 'hibernate.dialect' (remove the property setting and it will be selected by default)
2025-02-10T15:12:48.451-05:00  WARN 12740 --- [PRODUCT-SERVICE] [           main] [                                                 ] org.hibernate.orm.deprecation            : HHH90000026: MySQL8Dialect has been deprecated; use org.hibernate.dialect.MySQLDialect instead
2025-02-10T15:12:49.106-05:00  INFO 12740 --- [PRODUCT-SERVICE] [           main] [                                                 ] o.h.e.t.j.p.i.JtaPlatformInitiator       : HHH000489: No JTA platform available (set 'hibernate.transaction.jta.platform' to enable JTA platform integration)
2025-02-10T15:12:49.140-05:00  INFO 12740 --- [PRODUCT-SERVICE] [           main] [                                                 ] j.LocalContainerEntityManagerFactoryBean : Initialized JPA EntityManagerFactory for persistence unit 'default'
2025-02-10T15:12:49.690-05:00  WARN 12740 --- [PRODUCT-SERVICE] [           main] [                                                 ] JpaBaseConfiguration$JpaWebConfiguration : spring.jpa.open-in-view is enabled by default. Therefore, database queries may be performed during view rendering. Explicitly configure spring.jpa.open-in-view to disable this warning
2025-02-10T15:12:51.067-05:00  INFO 12740 --- [PRODUCT-SERVICE] [           main] [                                                 ] DiscoveryClientOptionalArgsConfiguration : Eureka HTTP Client uses RestTemplate.
2025-02-10T15:12:51.112-05:00  WARN 12740 --- [PRODUCT-SERVICE] [           main] [                                                 ] iguration$LoadBalancerCaffeineWarnLogger : Spring Cloud LoadBalancer is currently working with the default cache. While this cache implementation is useful for development and tests, it's recommended to use Caffeine cache in production.You can switch to using Caffeine cache, by adding it and org.springframework.cache.caffeine.CaffeineCacheManager to the classpath.
2025-02-10T15:12:51.129-05:00  INFO 12740 --- [PRODUCT-SERVICE] [           main] [                                                 ] o.s.b.a.e.web.EndpointLinksResolver      : Exposing 1 endpoint beneath base path '/actuator'
2025-02-10T15:12:51.224-05:00  INFO 12740 --- [PRODUCT-SERVICE] [           main] [                                                 ] o.s.c.n.eureka.InstanceInfoFactory       : Setting initial instance status as: STARTING
2025-02-10T15:12:51.252-05:00  INFO 12740 --- [PRODUCT-SERVICE] [           main] [                                                 ] com.netflix.discovery.DiscoveryClient    : Initializing Eureka in region us-east-1
2025-02-10T15:12:51.255-05:00  INFO 12740 --- [PRODUCT-SERVICE] [           main] [                                                 ] c.n.d.s.r.aws.ConfigClusterResolver      : Resolving eureka endpoints via configuration
2025-02-10T15:12:51.261-05:00  INFO 12740 --- [PRODUCT-SERVICE] [           main] [                                                 ] com.netflix.discovery.DiscoveryClient    : Disable delta property : false
2025-02-10T15:12:51.261-05:00  INFO 12740 --- [PRODUCT-SERVICE] [           main] [                                                 ] com.netflix.discovery.DiscoveryClient    : Single vip registry refresh property : null
2025-02-10T15:12:51.261-05:00  INFO 12740 --- [PRODUCT-SERVICE] [           main] [                                                 ] com.netflix.discovery.DiscoveryClient    : Force full registry fetch : false
2025-02-10T15:12:51.261-05:00  INFO 12740 --- [PRODUCT-SERVICE] [           main] [                                                 ] com.netflix.discovery.DiscoveryClient    : Application is null : false
2025-02-10T15:12:51.261-05:00  INFO 12740 --- [PRODUCT-SERVICE] [           main] [                                                 ] com.netflix.discovery.DiscoveryClient    : Registered Applications size is zero : true
2025-02-10T15:12:51.261-05:00  INFO 12740 --- [PRODUCT-SERVICE] [           main] [                                                 ] com.netflix.discovery.DiscoveryClient    : Application version is -1: true
2025-02-10T15:12:51.261-05:00  INFO 12740 --- [PRODUCT-SERVICE] [           main] [                                                 ] com.netflix.discovery.DiscoveryClient    : Getting all instance registry info from the eureka server
2025-02-10T15:12:51.391-05:00  INFO 12740 --- [PRODUCT-SERVICE] [           main] [                                                 ] com.netflix.discovery.DiscoveryClient    : The response status is 200
2025-02-10T15:12:51.404-05:00  INFO 12740 --- [PRODUCT-SERVICE] [           main] [                                                 ] com.netflix.discovery.DiscoveryClient    : Starting heartbeat executor: renew interval is: 30
2025-02-10T15:12:51.406-05:00  INFO 12740 --- [PRODUCT-SERVICE] [           main] [                                                 ] c.n.discovery.InstanceInfoReplicator     : InstanceInfoReplicator onDemand update allowed rate per min is 4
2025-02-10T15:12:51.409-05:00  INFO 12740 --- [PRODUCT-SERVICE] [           main] [                                                 ] com.netflix.discovery.DiscoveryClient    : Discovery Client initialized at timestamp 1739218371409 with initial instances count: 6
2025-02-10T15:12:51.409-05:00  INFO 12740 --- [PRODUCT-SERVICE] [           main] [                                                 ] o.s.c.n.e.s.EurekaServiceRegistry        : Registering application PRODUCT-SERVICE with eureka with status UP
2025-02-10T15:12:51.409-05:00  INFO 12740 --- [PRODUCT-SERVICE] [           main] [                                                 ] com.netflix.discovery.DiscoveryClient    : Saw local status change event StatusChangeEvent [timestamp=1739218371409, current=UP, previous=STARTING]
2025-02-10T15:12:51.414-05:00  INFO 12740 --- [PRODUCT-SERVICE] [foReplicator-%d] [                                                 ] com.netflix.discovery.DiscoveryClient    : DiscoveryClient_PRODUCT-SERVICE/AshMan:PRODUCT-SERVICE: registering service...
2025-02-10T15:12:51.424-05:00  INFO 12740 --- [PRODUCT-SERVICE] [           main] [                                                 ] c.a.P.ProductServiceApplicationTests     : Started ProductServiceApplicationTests in 6.657 seconds (process running for 7.912)
2025-02-10T15:12:51.475-05:00  INFO 12740 --- [PRODUCT-SERVICE] [foReplicator-%d] [                                                 ] com.netflix.discovery.DiscoveryClient    : DiscoveryClient_PRODUCT-SERVICE/AshMan:PRODUCT-SERVICE - registration status: 204
]]></system-out>
    <system-err><![CDATA[WARNING: A Java agent has been loaded dynamically (C:\Users\ashwi\.m2\repository\net\bytebuddy\byte-buddy-agent\1.14.19\byte-buddy-agent-1.14.19.jar)
WARNING: If a serviceability tool is in use, please run with -XX:+EnableDynamicAgentLoading to hide this warning
WARNING: If a serviceability tool is not in use, please run with -Djdk.instrument.traceUsage for more information
WARNING: Dynamic loading of agents will be disallowed by default in a future release
]]></system-err>
  </testcase>
</testsuite>